<?xml version="1.0" encoding="UTF-8"?>
<testsuite xmlns:xsi="http://www.w3.org/2001/XMLSchema-instance" xsi:noNamespaceSchemaLocation="https://maven.apache.org/surefire/maven-surefire-plugin/xsd/surefire-test-report.xsd" name="es.upm.grise.prof.curso2023.ejercicio3.SUTTest" time="0.122" tests="5" errors="0" skipped="0" failures="0">
  <properties>
[...]
</properties>
  <testcase name="duplicatedAssertExample" classname="es.upm.grise.prof.curso2023.ejercicio3.SUTTest" time="0.062"/>
  <testcase name="ConditionalTestLogicExample" classname="es.upm.grise.prof.curso2023.ejercicio3.SUTTest" time="0.002"/>
  <testcase name="magicNumberExample" classname="es.upm.grise.prof.curso2023.ejercicio3.SUTTest" time="0.006"/>
  <testcase name="EagerTestExample" classname="es.upm.grise.prof.curso2023.ejercicio3.SUTTest" time="0"/>
  <testcase name="ConstructorInitializationExample" classname="es.upm.grise.prof.curso2023.ejercicio3.SUTTest" time="0.002"/>
</testsuite>